d:\projekt_dns_kino\shipbattleserver\shipbattleserver\debug\vc141.pdb
d:\projekt_dns_kino\shipbattleserver\shipbattleserver\debug\vc141.idb
d:\projekt_dns_kino\shipbattleserver\shipbattleserver\debug\natpunchthroughclient.obj
d:\projekt_dns_kino\shipbattleserver\shipbattleserver\debug\dyndns.obj
d:\projekt_dns_kino\shipbattleserver\shipbattleserver\debug\ds_table.obj
d:\projekt_dns_kino\shipbattleserver\shipbattleserver\debug\ds_huffmanencodingtree.obj
d:\projekt_dns_kino\shipbattleserver\shipbattleserver\debug\ds_bytequeue.obj
d:\projekt_dns_kino\shipbattleserver\shipbattleserver\debug\ds_bytepool.obj
d:\projekt_dns_kino\shipbattleserver\shipbattleserver\debug\dr_sha1.obj
d:\projekt_dns_kino\shipbattleserver\shipbattleserver\debug\directorydeltatransfer.obj
d:\projekt_dns_kino\shipbattleserver\shipbattleserver\debug\datacompressor.obj
d:\projekt_dns_kino\shipbattleserver\shipbattleserver\debug\consoleserver.obj
d:\projekt_dns_kino\shipbattleserver\shipbattleserver\debug\connectiongraph2.obj
d:\projekt_dns_kino\shipbattleserver\shipbattleserver\debug\commandparserinterface.obj
d:\projekt_dns_kino\shipbattleserver\shipbattleserver\debug\cloudserver.obj
d:\projekt_dns_kino\shipbattleserver\shipbattleserver\debug\cloudcommon.obj
d:\projekt_dns_kino\shipbattleserver\shipbattleserver\debug\cloudclient.obj
d:\projekt_dns_kino\shipbattleserver\shipbattleserver\debug\checksum.obj
d:\projekt_dns_kino\shipbattleserver\shipbattleserver\debug\ccraknetudt.obj
d:\projekt_dns_kino\shipbattleserver\shipbattleserver\debug\ccraknetslidingwindow.obj
d:\projekt_dns_kino\shipbattleserver\shipbattleserver\debug\bitstream.obj
d:\projekt_dns_kino\shipbattleserver\shipbattleserver\debug\base64encoder.obj
d:\projekt_dns_kino\shipbattleserver\shipbattleserver\debug\main.obj
d:\projekt_dns_kino\shipbattleserver\shipbattleserver\debug\messagefilter.obj
d:\projekt_dns_kino\shipbattleserver\shipbattleserver\debug\logcommandparser.obj
d:\projekt_dns_kino\shipbattleserver\shipbattleserver\debug\locklesstypes.obj
d:\projekt_dns_kino\shipbattleserver\shipbattleserver\debug\linuxstrings.obj
d:\projekt_dns_kino\shipbattleserver\shipbattleserver\debug\itoa.obj
d:\projekt_dns_kino\shipbattleserver\shipbattleserver\debug\incrementalreadinterface.obj
d:\projekt_dns_kino\shipbattleserver\shipbattleserver\debug\httpconnection2.obj
d:\projekt_dns_kino\shipbattleserver\shipbattleserver\debug\httpconnection.obj
d:\projekt_dns_kino\shipbattleserver\shipbattleserver\debug\gridsectorizer.obj
d:\projekt_dns_kino\shipbattleserver\shipbattleserver\debug\gettimeofday.obj
d:\projekt_dns_kino\shipbattleserver\shipbattleserver\debug\gettime.obj
d:\projekt_dns_kino\shipbattleserver\shipbattleserver\debug\gets.obj
d:\projekt_dns_kino\shipbattleserver\shipbattleserver\debug\getche.obj
d:\projekt_dns_kino\shipbattleserver\shipbattleserver\debug\fullyconnectedmesh2.obj
d:\projekt_dns_kino\shipbattleserver\shipbattleserver\debug\formatstring.obj
d:\projekt_dns_kino\shipbattleserver\shipbattleserver\debug\fileoperations.obj
d:\projekt_dns_kino\shipbattleserver\shipbattleserver\debug\filelisttransfer.obj
d:\projekt_dns_kino\shipbattleserver\shipbattleserver\debug\filelist.obj
d:\projekt_dns_kino\shipbattleserver\shipbattleserver\debug\epochtimetostring.obj
d:\projekt_dns_kino\shipbattleserver\shipbattleserver\debug\emailsender.obj
d:\projekt_dns_kino\shipbattleserver\shipbattleserver\debug\raknetsocket2_360_720.obj
d:\projekt_dns_kino\shipbattleserver\shipbattleserver\debug\raknetsocket2.obj
d:\projekt_dns_kino\shipbattleserver\shipbattleserver\debug\raknetsocket.obj
d:\projekt_dns_kino\shipbattleserver\shipbattleserver\debug\raknetcommandparser.obj
d:\projekt_dns_kino\shipbattleserver\shipbattleserver\debug\rakmemoryoverride.obj
d:\projekt_dns_kino\shipbattleserver\shipbattleserver\debug\rackspace.obj
d:\projekt_dns_kino\shipbattleserver\shipbattleserver\debug\ps4includes.obj
d:\projekt_dns_kino\shipbattleserver\shipbattleserver\debug\plugininterface2.obj
d:\projekt_dns_kino\shipbattleserver\shipbattleserver\debug\packetoutputwindowlogger.obj
d:\projekt_dns_kino\shipbattleserver\shipbattleserver\debug\packetlogger.obj
d:\projekt_dns_kino\shipbattleserver\shipbattleserver\debug\packetizedtcp.obj
d:\projekt_dns_kino\shipbattleserver\shipbattleserver\debug\packetfilelogger.obj
d:\projekt_dns_kino\shipbattleserver\shipbattleserver\debug\packetconsolelogger.obj
d:\projekt_dns_kino\shipbattleserver\shipbattleserver\debug\networkidobject.obj
d:\projekt_dns_kino\shipbattleserver\shipbattleserver\debug\networkidmanager.obj
d:\projekt_dns_kino\shipbattleserver\shipbattleserver\debug\nattypedetectionserver.obj
d:\projekt_dns_kino\shipbattleserver\shipbattleserver\debug\nattypedetectioncommon.obj
d:\projekt_dns_kino\shipbattleserver\shipbattleserver\debug\nattypedetectionclient.obj
d:\projekt_dns_kino\shipbattleserver\shipbattleserver\debug\natpunchthroughserver.obj
d:\projekt_dns_kino\shipbattleserver\shipbattleserver\debug\readyevent.obj
d:\projekt_dns_kino\shipbattleserver\shipbattleserver\debug\randsync.obj
d:\projekt_dns_kino\shipbattleserver\shipbattleserver\debug\rand.obj
d:\projekt_dns_kino\shipbattleserver\shipbattleserver\debug\rakwstring.obj
d:\projekt_dns_kino\shipbattleserver\shipbattleserver\debug\rakthread.obj
d:\projekt_dns_kino\shipbattleserver\shipbattleserver\debug\rakstring.obj
d:\projekt_dns_kino\shipbattleserver\shipbattleserver\debug\raksleep.obj
d:\projekt_dns_kino\shipbattleserver\shipbattleserver\debug\rakpeer.obj
d:\projekt_dns_kino\shipbattleserver\shipbattleserver\debug\raknettypes.obj
d:\projekt_dns_kino\shipbattleserver\shipbattleserver\debug\raknettransport2.obj
d:\projekt_dns_kino\shipbattleserver\shipbattleserver\debug\raknetstatistics.obj
d:\projekt_dns_kino\shipbattleserver\shipbattleserver\debug\raknetsocket2_windows_linux_360.obj
d:\projekt_dns_kino\shipbattleserver\shipbattleserver\debug\raknetsocket2_windows_linux.obj
d:\projekt_dns_kino\shipbattleserver\shipbattleserver\debug\raknetsocket2_windowsstore8.obj
d:\projekt_dns_kino\shipbattleserver\shipbattleserver\debug\raknetsocket2_vita.obj
d:\projekt_dns_kino\shipbattleserver\shipbattleserver\debug\raknetsocket2_ps4.obj
d:\projekt_dns_kino\shipbattleserver\shipbattleserver\debug\raknetsocket2_ps3_ps4.obj
d:\projekt_dns_kino\shipbattleserver\shipbattleserver\debug\raknetsocket2_nativeclient.obj
d:\projekt_dns_kino\shipbattleserver\shipbattleserver\debug\raknetsocket2_berkley_nativeclient.obj
d:\projekt_dns_kino\shipbattleserver\shipbattleserver\debug\raknetsocket2_berkley.obj
d:\projekt_dns_kino\shipbattleserver\shipbattleserver\debug\threadsafepacketlogger.obj
d:\projekt_dns_kino\shipbattleserver\shipbattleserver\debug\telnettransport.obj
d:\projekt_dns_kino\shipbattleserver\shipbattleserver\debug\teammanager.obj
d:\projekt_dns_kino\shipbattleserver\shipbattleserver\debug\teambalancer.obj
d:\projekt_dns_kino\shipbattleserver\shipbattleserver\debug\tcpinterface.obj
d:\projekt_dns_kino\shipbattleserver\shipbattleserver\debug\tableserializer.obj
d:\projekt_dns_kino\shipbattleserver\shipbattleserver\debug\superfasthash.obj
d:\projekt_dns_kino\shipbattleserver\shipbattleserver\debug\stringtable.obj
d:\projekt_dns_kino\shipbattleserver\shipbattleserver\debug\stringcompressor.obj
d:\projekt_dns_kino\shipbattleserver\shipbattleserver\debug\statisticshistory.obj
d:\projekt_dns_kino\shipbattleserver\shipbattleserver\debug\socketlayer.obj
d:\projekt_dns_kino\shipbattleserver\shipbattleserver\debug\simplemutex.obj
d:\projekt_dns_kino\shipbattleserver\shipbattleserver\debug\signaledevent.obj
d:\projekt_dns_kino\shipbattleserver\shipbattleserver\debug\sendtothread.obj
d:\projekt_dns_kino\shipbattleserver\shipbattleserver\debug\securehandshake.obj
d:\projekt_dns_kino\shipbattleserver\shipbattleserver\debug\rpc4plugin.obj
d:\projekt_dns_kino\shipbattleserver\shipbattleserver\debug\router2.obj
d:\projekt_dns_kino\shipbattleserver\shipbattleserver\debug\replicamanager3.obj
d:\projekt_dns_kino\shipbattleserver\shipbattleserver\debug\reliabilitylayer.obj
d:\projekt_dns_kino\shipbattleserver\shipbattleserver\debug\relayplugin.obj
d:\projekt_dns_kino\shipbattleserver\shipbattleserver\debug\_findfirst.obj
d:\projekt_dns_kino\shipbattleserver\shipbattleserver\debug\wsastartupsingleton.obj
d:\projekt_dns_kino\shipbattleserver\shipbattleserver\debug\vitaincludes.obj
d:\projekt_dns_kino\shipbattleserver\shipbattleserver\debug\variadicsqlparser.obj
d:\projekt_dns_kino\shipbattleserver\shipbattleserver\debug\variablelistdeltatracker.obj
d:\projekt_dns_kino\shipbattleserver\shipbattleserver\debug\variabledeltaserializer.obj
d:\projekt_dns_kino\shipbattleserver\shipbattleserver\debug\udpproxyserver.obj
d:\projekt_dns_kino\shipbattleserver\shipbattleserver\debug\udpproxycoordinator.obj
d:\projekt_dns_kino\shipbattleserver\shipbattleserver\debug\udpproxyclient.obj
d:\projekt_dns_kino\shipbattleserver\shipbattleserver\debug\udpforwarder.obj
d:\projekt_dns_kino\shipbattleserver\shipbattleserver\debug\twowayauthentication.obj
d:\projekt_dns_kino\shipbattleserver\shipbattleserver\debug\.netframework,version=v4.0.assemblyattributes.obj
d:\projekt_dns_kino\shipbattleserver\shipbattleserver\debug\.netframework,version=v4.0.assemblyattributes.asm
d:\projekt_dns_kino\shipbattleserver\shipbattleserver\debug\shipbattleserver.vcxprojresolveassemblyreference.cache
d:\projekt_dns_kino\shipbattleserver\debug\shipbattleserver.pdb
d:\projekt_dns_kino\shipbattleserver\shipbattleserver\debug\shipbattleserver.tlog\cl.command.1.tlog
d:\projekt_dns_kino\shipbattleserver\shipbattleserver\debug\shipbattleserver.tlog\cl.read.1.tlog
d:\projekt_dns_kino\shipbattleserver\shipbattleserver\debug\shipbattleserver.tlog\cl.write.1.tlog
d:\projekt_dns_kino\shipbattleserver\shipbattleserver\debug\shipbattleserver.tlog\link-cvtres.read.1.tlog
d:\projekt_dns_kino\shipbattleserver\shipbattleserver\debug\shipbattleserver.tlog\link-cvtres.write.1.tlog
d:\projekt_dns_kino\shipbattleserver\shipbattleserver\debug\shipbattleserver.tlog\link-rc.read.1.tlog
d:\projekt_dns_kino\shipbattleserver\shipbattleserver\debug\shipbattleserver.tlog\link-rc.write.1.tlog
d:\projekt_dns_kino\shipbattleserver\shipbattleserver\debug\shipbattleserver.tlog\link.15880-cvtres.read.1.tlog
d:\projekt_dns_kino\shipbattleserver\shipbattleserver\debug\shipbattleserver.tlog\link.15880-cvtres.write.1.tlog
d:\projekt_dns_kino\shipbattleserver\shipbattleserver\debug\shipbattleserver.tlog\link.15880-rc.read.1.tlog
d:\projekt_dns_kino\shipbattleserver\shipbattleserver\debug\shipbattleserver.tlog\link.15880-rc.write.1.tlog
d:\projekt_dns_kino\shipbattleserver\shipbattleserver\debug\shipbattleserver.tlog\link.15880.read.1.tlog
d:\projekt_dns_kino\shipbattleserver\shipbattleserver\debug\shipbattleserver.tlog\link.15880.write.1.tlog
d:\projekt_dns_kino\shipbattleserver\shipbattleserver\debug\shipbattleserver.tlog\link.command.1.tlog
d:\projekt_dns_kino\shipbattleserver\shipbattleserver\debug\shipbattleserver.tlog\link.read.1.tlog
d:\projekt_dns_kino\shipbattleserver\shipbattleserver\debug\shipbattleserver.tlog\link.write.1.tlog
d:\projekt_dns_kino\shipbattleserver\shipbattleserver\debug\shipbattleserver.tlog\metagen.read.1.tlog
d:\projekt_dns_kino\shipbattleserver\shipbattleserver\debug\shipbattleserver.tlog\metagen.write.1.tlog
d:\projekt_dns_kino\shipbattleserver\shipbattleserver\debug\shipbattleserver.tlog\tzres.dll.bi
